<?xml version="1.0" encoding="UTF-8"?>
<!-- Generated by org.testng.reporters.JUnitXMLReporter -->
<testsuite hostname="CNTR0019" ignored="0" name="Command line test" tests="8" failures="4" timestamp="2023-03-16T10:36:21 EET" time="318.21" errors="0">
  <testcase name="line_101_APL_Camera_Success" time="15.813" classname="Test.Line_101_Camera_Test"/>
  <testcase name="line_101_ASL_Camera_Success" time="46.226" classname="Test.Line_101_Camera_Test"/>
  <testcase name="line_101_IML_Camera_Success" time="75.493" classname="Test.Line_101_Camera_Test">
    <failure type="java.lang.AssertionError" message="The following asserts failed:
	Module1 ST20 No Data,
	Module2 ST20B No Data,
	Module2 ST20F No Data,
	Module3 ST20S No Data,
	Module4 ST10F No Data,
	Module4 ST10S No Data,
	Module4 ST20 No Data,
	TBL_IML_M3_ST50 No Data,
	Module5 ST10 No Data,
	TBL_IML_M3_ST11 No Data,
	TBL_IML_M3_ST12 No Data">
      <![CDATA[java.lang.AssertionError: The following asserts failed:
Module1 ST20 No Data,
Module2 ST20B No Data,
Module2 ST20F No Data,
Module3 ST20S No Data,
Module4 ST10F No Data,
Module4 ST10S No Data,
Module4 ST20 No Data,
TBL_IML_M3_ST50 No Data,
Module5 ST10 No Data,
TBL_IML_M3_ST11 No Data,
TBL_IML_M3_ST12 No Data
at Test.Line_101_Camera_Test.line_101_IML_Camera_Success(Line_101_Camera_Test.java:232)
at java.util.ArrayList.forEach(ArrayList.java:1259)
... Removed 39 stack frames]]>
    </failure>
  </testcase> <!-- line_101_IML_Camera_Success -->
  <testcase name="line_101_COL_Camera_Success" time="42.682" classname="Test.Line_101_Camera_Test">
    <failure type="java.lang.AssertionError" message="The following asserts failed:
	Module 1 Bush No Data,
	Module 1 Prolunga No Data,
	Module 3 Connector No Data,
	Col Terminal Camera No Data">
      <![CDATA[java.lang.AssertionError: The following asserts failed:
Module 1 Bush No Data,
Module 1 Prolunga No Data,
Module 3 Connector No Data,
Col Terminal Camera No Data
at Test.Line_101_Camera_Test.line_101_COL_Camera_Success(Line_101_Camera_Test.java:306)
at java.util.ArrayList.forEach(ArrayList.java:1259)
... Removed 39 stack frames]]>
    </failure>
  </testcase> <!-- line_101_COL_Camera_Success -->
  <testcase name="line_102_APL_Camera_Success" time="26.029" classname="Test.Line_102_Camera_Test">
    <failure type="java.lang.AssertionError" message="The following asserts failed:
	Primary Camera No Data">
      <![CDATA[java.lang.AssertionError: The following asserts failed:
Primary Camera No Data
at Test.Line_102_Camera_Test.line_102_APL_Camera_Success(Line_102_Camera_Test.java:85)
at java.util.ArrayList.forEach(ArrayList.java:1259)
... Removed 39 stack frames]]>
    </failure>
  </testcase> <!-- line_102_APL_Camera_Success -->
  <testcase name="line_102_ASL_Camera_Success" time="34.261" classname="Test.Line_102_Camera_Test"/>
  <testcase name="line_102_COL_Camera_Success" time="37.928" classname="Test.Line_102_Camera_Test"/>
  <testcase name="line_102_IML_Camera_Success" time="38.998" classname="Test.Line_102_Camera_Test">
    <failure type="java.lang.AssertionError" message="The following asserts failed:
	Module 5 ST50 No Data">
      <![CDATA[java.lang.AssertionError: The following asserts failed:
Module 5 ST50 No Data
at Test.Line_102_Camera_Test.line_102_IML_Camera_Success(Line_102_Camera_Test.java:236)
at java.util.ArrayList.forEach(ArrayList.java:1259)
... Removed 39 stack frames]]>
    </failure>
  </testcase> <!-- line_102_IML_Camera_Success -->
</testsuite> <!-- Command line test -->
