<?xml version="1.0" encoding="UTF-8"?>
<!-- Generated by org.testng.reporters.JUnitXMLReporter -->
<testsuite hostname="CNTR0019" ignored="0" name="Command line test" tests="8" failures="5" timestamp="2022-04-29T15:35:50 EET" time="295.38" errors="0">
  <testcase name="line_101_APL_Camera_Success" time="19.818" classname="TTest.Line_101_Camera_Test">
    <failure type="java.lang.AssertionError" message="The following asserts failed:
	Primary Camera No Data">
      <![CDATA[java.lang.AssertionError: The following asserts failed:
Primary Camera No Data
at TTest.Line_101_Camera_Test.line_101_APL_Camera_Success(Line_101_Camera_Test.java:78)
at java.util.ArrayList.forEach(ArrayList.java:1259)
... Removed 39 stack frames]]>
    </failure>
  </testcase> <!-- line_101_APL_Camera_Success -->
  <testcase name="line_101_ASL_Camera_Success" time="29.53" classname="TTest.Line_101_Camera_Test">
    <failure type="java.lang.AssertionError" message="The following asserts failed:
	Secondary ST90 Terminal Insertion Camera No Data,
	Secondary Welding 180W Camera No Data">
      <![CDATA[java.lang.AssertionError: The following asserts failed:
Secondary ST90 Terminal Insertion Camera No Data,
Secondary Welding 180W Camera No Data
at TTest.Line_101_Camera_Test.line_101_ASL_Camera_Success(Line_101_Camera_Test.java:152)
at java.util.ArrayList.forEach(ArrayList.java:1259)
... Removed 39 stack frames]]>
    </failure>
  </testcase> <!-- line_101_ASL_Camera_Success -->
  <testcase name="line_101_IML_Camera_Success" time="81.059" classname="TTest.Line_101_Camera_Test">
    <failure type="java.lang.AssertionError" message="The following asserts failed:
	Module1 ST20 No Data,
	Module2 ST20B No Data,
	Module2 ST20F No Data,
	Module3 ST20S No Data,
	Module4 ST10F No Data,
	Module4 ST10S No Data,
	Module4 ST20 No Data,
	TBL_IML_M3_ST50 No Data,
	Module5 ST10 No Data,
	TBL_IML_M3_ST11 No Data,
	TBL_IML_M3_ST12 No Data">
      <![CDATA[java.lang.AssertionError: The following asserts failed:
Module1 ST20 No Data,
Module2 ST20B No Data,
Module2 ST20F No Data,
Module3 ST20S No Data,
Module4 ST10F No Data,
Module4 ST10S No Data,
Module4 ST20 No Data,
TBL_IML_M3_ST50 No Data,
Module5 ST10 No Data,
TBL_IML_M3_ST11 No Data,
TBL_IML_M3_ST12 No Data
at TTest.Line_101_Camera_Test.line_101_IML_Camera_Success(Line_101_Camera_Test.java:226)
at java.util.ArrayList.forEach(ArrayList.java:1259)
... Removed 39 stack frames]]>
    </failure>
  </testcase> <!-- line_101_IML_Camera_Success -->
  <testcase name="line_101_COL_Camera_Success" time="44.976" classname="TTest.Line_101_Camera_Test">
    <failure type="java.lang.AssertionError" message="The following asserts failed:
	Module 1 Bush No Data,
	Module 1 Prolunga No Data,
	Module 3 Connector No Data,
	Col Terminal Camera No Data">
      <![CDATA[java.lang.AssertionError: The following asserts failed:
Module 1 Bush No Data,
Module 1 Prolunga No Data,
Module 3 Connector No Data,
Col Terminal Camera No Data
at TTest.Line_101_Camera_Test.line_101_COL_Camera_Success(Line_101_Camera_Test.java:298)
at java.util.ArrayList.forEach(ArrayList.java:1259)
... Removed 39 stack frames]]>
    </failure>
  </testcase> <!-- line_101_COL_Camera_Success -->
  <testcase name="line_102_APL_Camera_Success" time="27.973" classname="TTest.Line_102_Camera_Test"/>
  <testcase name="line_102_ASL_Camera_Success" time="36.379" classname="TTest.Line_102_Camera_Test"/>
  <testcase name="line_102_COL_Camera_Success" time="40.973" classname="TTest.Line_102_Camera_Test">
    <failure type="java.lang.AssertionError" message="The following asserts failed:
	Module 1 Prolunga No Data">
      <![CDATA[java.lang.AssertionError: The following asserts failed:
Module 1 Prolunga No Data
at TTest.Line_102_Camera_Test.line_102_COL_Camera_Success(Line_102_Camera_Test.java:304)
at java.util.ArrayList.forEach(ArrayList.java:1259)
... Removed 39 stack frames]]>
    </failure>
  </testcase> <!-- line_102_COL_Camera_Success -->
  <testcase name="line_102_IML_Camera_Success" time="8.732" classname="TTest.Line_102_Camera_Test"/>
</testsuite> <!-- Command line test -->
